2018-01-16 9:59:21 - PHP Notice:  Undefined index: RUB in D:\usr\www\basic\system\library\cart\currency.php on line 25
2018-01-16 9:59:21 - PHP Notice:  Undefined index: RUB in D:\usr\www\basic\system\library\cart\currency.php on line 26
2018-01-16 9:59:21 - PHP Notice:  Undefined index: RUB in D:\usr\www\basic\system\library\cart\currency.php on line 27
2018-01-16 9:59:21 - PHP Notice:  Undefined index: RUB in D:\usr\www\basic\system\library\cart\currency.php on line 30
2018-01-16 9:59:21 - PHP Notice:  Undefined index: RUB in D:\usr\www\basic\system\library\cart\currency.php on line 25
2018-01-16 9:59:21 - PHP Notice:  Undefined index: RUB in D:\usr\www\basic\system\library\cart\currency.php on line 26
2018-01-16 9:59:21 - PHP Notice:  Undefined index: RUB in D:\usr\www\basic\system\library\cart\currency.php on line 27
2018-01-16 9:59:21 - PHP Notice:  Undefined index: RUB in D:\usr\www\basic\system\library\cart\currency.php on line 30
2018-01-16 9:59:21 - PHP Notice:  Undefined index: RUB in D:\usr\www\basic\system\library\cart\currency.php on line 25
2018-01-16 9:59:21 - PHP Notice:  Undefined index: RUB in D:\usr\www\basic\system\library\cart\currency.php on line 26
2018-01-16 9:59:21 - PHP Notice:  Undefined index: RUB in D:\usr\www\basic\system\library\cart\currency.php on line 27
2018-01-16 9:59:21 - PHP Notice:  Undefined index: RUB in D:\usr\www\basic\system\library\cart\currency.php on line 30
2018-01-16 9:59:21 - PHP Notice:  Undefined index: RUB in D:\usr\www\basic\system\library\cart\currency.php on line 25
2018-01-16 9:59:21 - PHP Notice:  Undefined index: RUB in D:\usr\www\basic\system\library\cart\currency.php on line 26
2018-01-16 9:59:21 - PHP Notice:  Undefined index: RUB in D:\usr\www\basic\system\library\cart\currency.php on line 27
2018-01-16 9:59:21 - PHP Notice:  Undefined index: RUB in D:\usr\www\basic\system\library\cart\currency.php on line 30
2018-01-16 9:59:21 - PHP Notice:  Undefined index: RUB in D:\usr\www\basic\system\library\cart\currency.php on line 25
2018-01-16 9:59:21 - PHP Notice:  Undefined index: RUB in D:\usr\www\basic\system\library\cart\currency.php on line 26
2018-01-16 9:59:21 - PHP Notice:  Undefined index: RUB in D:\usr\www\basic\system\library\cart\currency.php on line 27
2018-01-16 9:59:21 - PHP Notice:  Undefined index: RUB in D:\usr\www\basic\system\library\cart\currency.php on line 30
2018-01-16 9:59:21 - PHP Notice:  Undefined index: RUB in D:\usr\www\basic\system\library\cart\currency.php on line 25
2018-01-16 9:59:21 - PHP Notice:  Undefined index: RUB in D:\usr\www\basic\system\library\cart\currency.php on line 26
2018-01-16 9:59:21 - PHP Notice:  Undefined index: RUB in D:\usr\www\basic\system\library\cart\currency.php on line 27
2018-01-16 9:59:21 - PHP Notice:  Undefined index: RUB in D:\usr\www\basic\system\library\cart\currency.php on line 30
2018-01-16 9:59:21 - PHP Notice:  Undefined index: RUB in D:\usr\www\basic\system\library\cart\currency.php on line 25
2018-01-16 9:59:21 - PHP Notice:  Undefined index: RUB in D:\usr\www\basic\system\library\cart\currency.php on line 26
2018-01-16 9:59:21 - PHP Notice:  Undefined index: RUB in D:\usr\www\basic\system\library\cart\currency.php on line 27
2018-01-16 9:59:21 - PHP Notice:  Undefined index: RUB in D:\usr\www\basic\system\library\cart\currency.php on line 30
2018-01-16 9:59:21 - PHP Notice:  Undefined index: RUB in D:\usr\www\basic\system\library\cart\currency.php on line 25
2018-01-16 9:59:21 - PHP Notice:  Undefined index: RUB in D:\usr\www\basic\system\library\cart\currency.php on line 26
2018-01-16 9:59:21 - PHP Notice:  Undefined index: RUB in D:\usr\www\basic\system\library\cart\currency.php on line 27
2018-01-16 9:59:21 - PHP Notice:  Undefined index: RUB in D:\usr\www\basic\system\library\cart\currency.php on line 30
2018-01-16 9:59:21 - PHP Notice:  Undefined index: RUB in D:\usr\www\basic\system\library\cart\currency.php on line 25
2018-01-16 9:59:21 - PHP Notice:  Undefined index: RUB in D:\usr\www\basic\system\library\cart\currency.php on line 26
2018-01-16 9:59:21 - PHP Notice:  Undefined index: RUB in D:\usr\www\basic\system\library\cart\currency.php on line 27
2018-01-16 9:59:21 - PHP Notice:  Undefined index: RUB in D:\usr\www\basic\system\library\cart\currency.php on line 30
2018-01-16 9:59:21 - PHP Notice:  Undefined index: RUB in D:\usr\www\basic\system\library\cart\currency.php on line 25
2018-01-16 9:59:21 - PHP Notice:  Undefined index: RUB in D:\usr\www\basic\system\library\cart\currency.php on line 26
2018-01-16 9:59:21 - PHP Notice:  Undefined index: RUB in D:\usr\www\basic\system\library\cart\currency.php on line 27
2018-01-16 9:59:21 - PHP Notice:  Undefined index: RUB in D:\usr\www\basic\system\library\cart\currency.php on line 30
2018-01-16 9:59:21 - PHP Notice:  Undefined index: RUB in D:\usr\www\basic\system\library\cart\currency.php on line 25
2018-01-16 9:59:21 - PHP Notice:  Undefined index: RUB in D:\usr\www\basic\system\library\cart\currency.php on line 26
2018-01-16 9:59:21 - PHP Notice:  Undefined index: RUB in D:\usr\www\basic\system\library\cart\currency.php on line 27
2018-01-16 9:59:21 - PHP Notice:  Undefined index: RUB in D:\usr\www\basic\system\library\cart\currency.php on line 30
2018-01-16 9:59:21 - PHP Notice:  Undefined index: RUB in D:\usr\www\basic\system\library\cart\currency.php on line 25
2018-01-16 9:59:21 - PHP Notice:  Undefined index: RUB in D:\usr\www\basic\system\library\cart\currency.php on line 26
2018-01-16 9:59:21 - PHP Notice:  Undefined index: RUB in D:\usr\www\basic\system\library\cart\currency.php on line 27
2018-01-16 9:59:21 - PHP Notice:  Undefined index: RUB in D:\usr\www\basic\system\library\cart\currency.php on line 30
2018-01-16 9:59:21 - PHP Notice:  Undefined index: RUB in D:\usr\www\basic\system\library\cart\currency.php on line 25
2018-01-16 9:59:21 - PHP Notice:  Undefined index: RUB in D:\usr\www\basic\system\library\cart\currency.php on line 26
2018-01-16 9:59:21 - PHP Notice:  Undefined index: RUB in D:\usr\www\basic\system\library\cart\currency.php on line 27
2018-01-16 9:59:21 - PHP Notice:  Undefined index: RUB in D:\usr\www\basic\system\library\cart\currency.php on line 30
2018-01-16 12:22:00 - PHP Notice:  Undefined index: sort_order in D:\usr\www\basic\catalog\view\theme\default\template\common\footer.tpl on line 2
2018-01-16 12:22:00 - PHP Notice:  Undefined index: sort_order in D:\usr\www\basic\catalog\view\theme\default\template\common\footer.tpl on line 4
2018-01-16 12:22:00 - PHP Notice:  Undefined index: sort_order in D:\usr\www\basic\catalog\view\theme\default\template\common\footer.tpl on line 2
2018-01-16 12:22:00 - PHP Notice:  Undefined index: sort_order in D:\usr\www\basic\catalog\view\theme\default\template\common\footer.tpl on line 4
2018-01-16 12:22:00 - PHP Notice:  Undefined index: sort_order in D:\usr\www\basic\catalog\view\theme\default\template\common\footer.tpl on line 2
2018-01-16 12:22:00 - PHP Notice:  Undefined index: sort_order in D:\usr\www\basic\catalog\view\theme\default\template\common\footer.tpl on line 4
2018-01-16 12:22:00 - PHP Notice:  Undefined index: sort_order in D:\usr\www\basic\catalog\view\theme\default\template\common\footer.tpl on line 2
2018-01-16 12:22:00 - PHP Notice:  Undefined index: sort_order in D:\usr\www\basic\catalog\view\theme\default\template\common\footer.tpl on line 4
2018-01-16 12:22:00 - PHP Notice:  Undefined variable: schemaInfHref in D:\usr\www\basic\catalog\view\theme\default\template\common\footer.tpl on line 61
2018-01-16 12:22:00 - PHP Notice:  Undefined variable: schemaInf in D:\usr\www\basic\catalog\view\theme\default\template\common\footer.tpl on line 61
2018-01-16 12:22:00 - PHP Notice:  Undefined variable: actionsInfHref in D:\usr\www\basic\catalog\view\theme\default\template\common\footer.tpl on line 73
2018-01-16 12:22:00 - PHP Notice:  Undefined variable: actionsInf in D:\usr\www\basic\catalog\view\theme\default\template\common\footer.tpl on line 73
2018-01-16 12:22:00 - PHP Notice:  Undefined variable: aboutInfHref in D:\usr\www\basic\catalog\view\theme\default\template\common\footer.tpl on line 74
2018-01-16 12:22:00 - PHP Notice:  Undefined variable: aboutInf in D:\usr\www\basic\catalog\view\theme\default\template\common\footer.tpl on line 74
2018-01-16 12:22:00 - PHP Notice:  Undefined variable: shippingInfHref in D:\usr\www\basic\catalog\view\theme\default\template\common\footer.tpl on line 75
2018-01-16 12:22:00 - PHP Notice:  Undefined variable: shippingInf in D:\usr\www\basic\catalog\view\theme\default\template\common\footer.tpl on line 75
2018-01-16 12:22:00 - PHP Notice:  Undefined variable: newsInfHref in D:\usr\www\basic\catalog\view\theme\default\template\common\footer.tpl on line 76
2018-01-16 12:22:00 - PHP Notice:  Undefined variable: newsInf in D:\usr\www\basic\catalog\view\theme\default\template\common\footer.tpl on line 76
2018-01-16 12:22:00 - PHP Notice:  Undefined variable: warrantyInfHref in D:\usr\www\basic\catalog\view\theme\default\template\common\footer.tpl on line 85
2018-01-16 12:22:00 - PHP Notice:  Undefined variable: warrantyInf in D:\usr\www\basic\catalog\view\theme\default\template\common\footer.tpl on line 85
2018-01-16 12:22:00 - PHP Notice:  Undefined variable: howToInfHref in D:\usr\www\basic\catalog\view\theme\default\template\common\footer.tpl on line 86
2018-01-16 12:22:00 - PHP Notice:  Undefined variable: howToInf in D:\usr\www\basic\catalog\view\theme\default\template\common\footer.tpl on line 86
2018-01-16 12:22:00 - PHP Notice:  Undefined variable: questionsInfHref in D:\usr\www\basic\catalog\view\theme\default\template\common\footer.tpl on line 87
2018-01-16 12:22:00 - PHP Notice:  Undefined variable: questionsInf in D:\usr\www\basic\catalog\view\theme\default\template\common\footer.tpl on line 87
2018-01-16 12:22:00 - PHP Notice:  Undefined variable: stores in D:\usr\www\basic\catalog\view\theme\default\template\common\footer.tpl on line 228
2018-01-16 12:24:01 - PHP Notice:  Undefined index: sort_order in D:\usr\www\basic\catalog\view\theme\default\template\common\footer.tpl on line 2
2018-01-16 12:24:01 - PHP Notice:  Undefined index: sort_order in D:\usr\www\basic\catalog\view\theme\default\template\common\footer.tpl on line 4
2018-01-16 12:24:01 - PHP Notice:  Undefined index: sort_order in D:\usr\www\basic\catalog\view\theme\default\template\common\footer.tpl on line 2
2018-01-16 12:24:01 - PHP Notice:  Undefined index: sort_order in D:\usr\www\basic\catalog\view\theme\default\template\common\footer.tpl on line 4
2018-01-16 12:24:01 - PHP Notice:  Undefined index: sort_order in D:\usr\www\basic\catalog\view\theme\default\template\common\footer.tpl on line 2
2018-01-16 12:24:01 - PHP Notice:  Undefined index: sort_order in D:\usr\www\basic\catalog\view\theme\default\template\common\footer.tpl on line 4
2018-01-16 12:24:01 - PHP Notice:  Undefined index: sort_order in D:\usr\www\basic\catalog\view\theme\default\template\common\footer.tpl on line 2
2018-01-16 12:24:01 - PHP Notice:  Undefined index: sort_order in D:\usr\www\basic\catalog\view\theme\default\template\common\footer.tpl on line 4
2018-01-16 12:24:01 - PHP Notice:  Undefined variable: schemaInfHref in D:\usr\www\basic\catalog\view\theme\default\template\common\footer.tpl on line 61
2018-01-16 12:24:01 - PHP Notice:  Undefined variable: schemaInf in D:\usr\www\basic\catalog\view\theme\default\template\common\footer.tpl on line 61
2018-01-16 12:24:01 - PHP Notice:  Undefined variable: actionsInfHref in D:\usr\www\basic\catalog\view\theme\default\template\common\footer.tpl on line 73
2018-01-16 12:24:01 - PHP Notice:  Undefined variable: actionsInf in D:\usr\www\basic\catalog\view\theme\default\template\common\footer.tpl on line 73
2018-01-16 12:24:01 - PHP Notice:  Undefined variable: aboutInfHref in D:\usr\www\basic\catalog\view\theme\default\template\common\footer.tpl on line 74
2018-01-16 12:24:01 - PHP Notice:  Undefined variable: aboutInf in D:\usr\www\basic\catalog\view\theme\default\template\common\footer.tpl on line 74
2018-01-16 12:24:01 - PHP Notice:  Undefined variable: shippingInfHref in D:\usr\www\basic\catalog\view\theme\default\template\common\footer.tpl on line 75
2018-01-16 12:24:01 - PHP Notice:  Undefined variable: shippingInf in D:\usr\www\basic\catalog\view\theme\default\template\common\footer.tpl on line 75
2018-01-16 12:24:01 - PHP Notice:  Undefined variable: newsInfHref in D:\usr\www\basic\catalog\view\theme\default\template\common\footer.tpl on line 76
2018-01-16 12:24:01 - PHP Notice:  Undefined variable: newsInf in D:\usr\www\basic\catalog\view\theme\default\template\common\footer.tpl on line 76
2018-01-16 12:24:01 - PHP Notice:  Undefined variable: warrantyInfHref in D:\usr\www\basic\catalog\view\theme\default\template\common\footer.tpl on line 85
2018-01-16 12:24:01 - PHP Notice:  Undefined variable: warrantyInf in D:\usr\www\basic\catalog\view\theme\default\template\common\footer.tpl on line 85
2018-01-16 12:24:01 - PHP Notice:  Undefined variable: howToInfHref in D:\usr\www\basic\catalog\view\theme\default\template\common\footer.tpl on line 86
2018-01-16 12:24:01 - PHP Notice:  Undefined variable: howToInf in D:\usr\www\basic\catalog\view\theme\default\template\common\footer.tpl on line 86
2018-01-16 12:24:01 - PHP Notice:  Undefined variable: questionsInfHref in D:\usr\www\basic\catalog\view\theme\default\template\common\footer.tpl on line 87
2018-01-16 12:24:01 - PHP Notice:  Undefined variable: questionsInf in D:\usr\www\basic\catalog\view\theme\default\template\common\footer.tpl on line 87
2018-01-16 12:24:01 - PHP Notice:  Undefined variable: stores in D:\usr\www\basic\catalog\view\theme\default\template\common\footer.tpl on line 228
2018-01-16 12:24:09 - PHP Notice:  Undefined index: sort_order in D:\usr\www\basic\catalog\view\theme\default\template\common\footer.tpl on line 2
2018-01-16 12:24:09 - PHP Notice:  Undefined index: sort_order in D:\usr\www\basic\catalog\view\theme\default\template\common\footer.tpl on line 4
2018-01-16 12:24:09 - PHP Notice:  Undefined index: sort_order in D:\usr\www\basic\catalog\view\theme\default\template\common\footer.tpl on line 2
2018-01-16 12:24:09 - PHP Notice:  Undefined index: sort_order in D:\usr\www\basic\catalog\view\theme\default\template\common\footer.tpl on line 4
2018-01-16 12:24:09 - PHP Notice:  Undefined index: sort_order in D:\usr\www\basic\catalog\view\theme\default\template\common\footer.tpl on line 2
2018-01-16 12:24:09 - PHP Notice:  Undefined index: sort_order in D:\usr\www\basic\catalog\view\theme\default\template\common\footer.tpl on line 4
2018-01-16 12:24:09 - PHP Notice:  Undefined index: sort_order in D:\usr\www\basic\catalog\view\theme\default\template\common\footer.tpl on line 2
2018-01-16 12:24:09 - PHP Notice:  Undefined index: sort_order in D:\usr\www\basic\catalog\view\theme\default\template\common\footer.tpl on line 4
2018-01-16 12:24:09 - PHP Notice:  Undefined variable: schemaInfHref in D:\usr\www\basic\catalog\view\theme\default\template\common\footer.tpl on line 61
2018-01-16 12:24:09 - PHP Notice:  Undefined variable: schemaInf in D:\usr\www\basic\catalog\view\theme\default\template\common\footer.tpl on line 61
2018-01-16 12:24:09 - PHP Notice:  Undefined variable: actionsInfHref in D:\usr\www\basic\catalog\view\theme\default\template\common\footer.tpl on line 73
2018-01-16 12:24:09 - PHP Notice:  Undefined variable: actionsInf in D:\usr\www\basic\catalog\view\theme\default\template\common\footer.tpl on line 73
2018-01-16 12:24:09 - PHP Notice:  Undefined variable: aboutInfHref in D:\usr\www\basic\catalog\view\theme\default\template\common\footer.tpl on line 74
2018-01-16 12:24:09 - PHP Notice:  Undefined variable: aboutInf in D:\usr\www\basic\catalog\view\theme\default\template\common\footer.tpl on line 74
2018-01-16 12:24:09 - PHP Notice:  Undefined variable: shippingInfHref in D:\usr\www\basic\catalog\view\theme\default\template\common\footer.tpl on line 75
2018-01-16 12:24:09 - PHP Notice:  Undefined variable: shippingInf in D:\usr\www\basic\catalog\view\theme\default\template\common\footer.tpl on line 75
2018-01-16 12:24:09 - PHP Notice:  Undefined variable: newsInfHref in D:\usr\www\basic\catalog\view\theme\default\template\common\footer.tpl on line 76
2018-01-16 12:24:09 - PHP Notice:  Undefined variable: newsInf in D:\usr\www\basic\catalog\view\theme\default\template\common\footer.tpl on line 76
2018-01-16 12:24:09 - PHP Notice:  Undefined variable: warrantyInfHref in D:\usr\www\basic\catalog\view\theme\default\template\common\footer.tpl on line 85
2018-01-16 12:24:09 - PHP Notice:  Undefined variable: warrantyInf in D:\usr\www\basic\catalog\view\theme\default\template\common\footer.tpl on line 85
2018-01-16 12:24:09 - PHP Notice:  Undefined variable: howToInfHref in D:\usr\www\basic\catalog\view\theme\default\template\common\footer.tpl on line 86
2018-01-16 12:24:09 - PHP Notice:  Undefined variable: howToInf in D:\usr\www\basic\catalog\view\theme\default\template\common\footer.tpl on line 86
2018-01-16 12:24:09 - PHP Notice:  Undefined variable: questionsInfHref in D:\usr\www\basic\catalog\view\theme\default\template\common\footer.tpl on line 87
2018-01-16 12:24:09 - PHP Notice:  Undefined variable: questionsInf in D:\usr\www\basic\catalog\view\theme\default\template\common\footer.tpl on line 87
2018-01-16 12:24:09 - PHP Notice:  Undefined variable: stores in D:\usr\www\basic\catalog\view\theme\default\template\common\footer.tpl on line 228
2018-01-16 12:24:12 - PHP Notice:  Undefined index: sort_order in D:\usr\www\basic\catalog\view\theme\default\template\common\footer.tpl on line 2
2018-01-16 12:24:12 - PHP Notice:  Undefined index: sort_order in D:\usr\www\basic\catalog\view\theme\default\template\common\footer.tpl on line 4
2018-01-16 12:24:12 - PHP Notice:  Undefined index: sort_order in D:\usr\www\basic\catalog\view\theme\default\template\common\footer.tpl on line 2
2018-01-16 12:24:12 - PHP Notice:  Undefined index: sort_order in D:\usr\www\basic\catalog\view\theme\default\template\common\footer.tpl on line 4
2018-01-16 12:24:12 - PHP Notice:  Undefined index: sort_order in D:\usr\www\basic\catalog\view\theme\default\template\common\footer.tpl on line 2
2018-01-16 12:24:12 - PHP Notice:  Undefined index: sort_order in D:\usr\www\basic\catalog\view\theme\default\template\common\footer.tpl on line 4
2018-01-16 12:24:12 - PHP Notice:  Undefined index: sort_order in D:\usr\www\basic\catalog\view\theme\default\template\common\footer.tpl on line 2
2018-01-16 12:24:12 - PHP Notice:  Undefined index: sort_order in D:\usr\www\basic\catalog\view\theme\default\template\common\footer.tpl on line 4
2018-01-16 12:24:12 - PHP Notice:  Undefined variable: schemaInfHref in D:\usr\www\basic\catalog\view\theme\default\template\common\footer.tpl on line 61
2018-01-16 12:24:12 - PHP Notice:  Undefined variable: schemaInf in D:\usr\www\basic\catalog\view\theme\default\template\common\footer.tpl on line 61
2018-01-16 12:24:12 - PHP Notice:  Undefined variable: actionsInfHref in D:\usr\www\basic\catalog\view\theme\default\template\common\footer.tpl on line 73
2018-01-16 12:24:12 - PHP Notice:  Undefined variable: actionsInf in D:\usr\www\basic\catalog\view\theme\default\template\common\footer.tpl on line 73
2018-01-16 12:24:12 - PHP Notice:  Undefined variable: aboutInfHref in D:\usr\www\basic\catalog\view\theme\default\template\common\footer.tpl on line 74
2018-01-16 12:24:12 - PHP Notice:  Undefined variable: aboutInf in D:\usr\www\basic\catalog\view\theme\default\template\common\footer.tpl on line 74
2018-01-16 12:24:12 - PHP Notice:  Undefined variable: shippingInfHref in D:\usr\www\basic\catalog\view\theme\default\template\common\footer.tpl on line 75
2018-01-16 12:24:12 - PHP Notice:  Undefined variable: shippingInf in D:\usr\www\basic\catalog\view\theme\default\template\common\footer.tpl on line 75
2018-01-16 12:24:12 - PHP Notice:  Undefined variable: newsInfHref in D:\usr\www\basic\catalog\view\theme\default\template\common\footer.tpl on line 76
2018-01-16 12:24:12 - PHP Notice:  Undefined variable: newsInf in D:\usr\www\basic\catalog\view\theme\default\template\common\footer.tpl on line 76
2018-01-16 12:24:12 - PHP Notice:  Undefined variable: warrantyInfHref in D:\usr\www\basic\catalog\view\theme\default\template\common\footer.tpl on line 85
2018-01-16 12:24:12 - PHP Notice:  Undefined variable: warrantyInf in D:\usr\www\basic\catalog\view\theme\default\template\common\footer.tpl on line 85
2018-01-16 12:24:12 - PHP Notice:  Undefined variable: howToInfHref in D:\usr\www\basic\catalog\view\theme\default\template\common\footer.tpl on line 86
2018-01-16 12:24:12 - PHP Notice:  Undefined variable: howToInf in D:\usr\www\basic\catalog\view\theme\default\template\common\footer.tpl on line 86
2018-01-16 12:24:12 - PHP Notice:  Undefined variable: questionsInfHref in D:\usr\www\basic\catalog\view\theme\default\template\common\footer.tpl on line 87
2018-01-16 12:24:12 - PHP Notice:  Undefined variable: questionsInf in D:\usr\www\basic\catalog\view\theme\default\template\common\footer.tpl on line 87
2018-01-16 12:24:12 - PHP Notice:  Undefined variable: stores in D:\usr\www\basic\catalog\view\theme\default\template\common\footer.tpl on line 228
2018-01-16 12:24:14 - PHP Notice:  Undefined index: sort_order in D:\usr\www\basic\catalog\view\theme\default\template\common\footer.tpl on line 2
2018-01-16 12:24:14 - PHP Notice:  Undefined index: sort_order in D:\usr\www\basic\catalog\view\theme\default\template\common\footer.tpl on line 4
2018-01-16 12:24:14 - PHP Notice:  Undefined index: sort_order in D:\usr\www\basic\catalog\view\theme\default\template\common\footer.tpl on line 2
2018-01-16 12:24:14 - PHP Notice:  Undefined index: sort_order in D:\usr\www\basic\catalog\view\theme\default\template\common\footer.tpl on line 4
2018-01-16 12:24:14 - PHP Notice:  Undefined index: sort_order in D:\usr\www\basic\catalog\view\theme\default\template\common\footer.tpl on line 2
2018-01-16 12:24:14 - PHP Notice:  Undefined index: sort_order in D:\usr\www\basic\catalog\view\theme\default\template\common\footer.tpl on line 4
2018-01-16 12:24:14 - PHP Notice:  Undefined index: sort_order in D:\usr\www\basic\catalog\view\theme\default\template\common\footer.tpl on line 2
2018-01-16 12:24:14 - PHP Notice:  Undefined index: sort_order in D:\usr\www\basic\catalog\view\theme\default\template\common\footer.tpl on line 4
2018-01-16 12:24:14 - PHP Notice:  Undefined variable: schemaInfHref in D:\usr\www\basic\catalog\view\theme\default\template\common\footer.tpl on line 61
2018-01-16 12:24:14 - PHP Notice:  Undefined variable: schemaInf in D:\usr\www\basic\catalog\view\theme\default\template\common\footer.tpl on line 61
2018-01-16 12:24:14 - PHP Notice:  Undefined variable: actionsInfHref in D:\usr\www\basic\catalog\view\theme\default\template\common\footer.tpl on line 73
2018-01-16 12:24:14 - PHP Notice:  Undefined variable: actionsInf in D:\usr\www\basic\catalog\view\theme\default\template\common\footer.tpl on line 73
2018-01-16 12:24:14 - PHP Notice:  Undefined variable: aboutInfHref in D:\usr\www\basic\catalog\view\theme\default\template\common\footer.tpl on line 74
2018-01-16 12:24:14 - PHP Notice:  Undefined variable: aboutInf in D:\usr\www\basic\catalog\view\theme\default\template\common\footer.tpl on line 74
2018-01-16 12:24:14 - PHP Notice:  Undefined variable: shippingInfHref in D:\usr\www\basic\catalog\view\theme\default\template\common\footer.tpl on line 75
2018-01-16 12:24:14 - PHP Notice:  Undefined variable: shippingInf in D:\usr\www\basic\catalog\view\theme\default\template\common\footer.tpl on line 75
2018-01-16 12:24:14 - PHP Notice:  Undefined variable: newsInfHref in D:\usr\www\basic\catalog\view\theme\default\template\common\footer.tpl on line 76
2018-01-16 12:24:14 - PHP Notice:  Undefined variable: newsInf in D:\usr\www\basic\catalog\view\theme\default\template\common\footer.tpl on line 76
2018-01-16 12:24:14 - PHP Notice:  Undefined variable: warrantyInfHref in D:\usr\www\basic\catalog\view\theme\default\template\common\footer.tpl on line 85
2018-01-16 12:24:14 - PHP Notice:  Undefined variable: warrantyInf in D:\usr\www\basic\catalog\view\theme\default\template\common\footer.tpl on line 85
2018-01-16 12:24:14 - PHP Notice:  Undefined variable: howToInfHref in D:\usr\www\basic\catalog\view\theme\default\template\common\footer.tpl on line 86
2018-01-16 12:24:14 - PHP Notice:  Undefined variable: howToInf in D:\usr\www\basic\catalog\view\theme\default\template\common\footer.tpl on line 86
2018-01-16 12:24:14 - PHP Notice:  Undefined variable: questionsInfHref in D:\usr\www\basic\catalog\view\theme\default\template\common\footer.tpl on line 87
2018-01-16 12:24:14 - PHP Notice:  Undefined variable: questionsInf in D:\usr\www\basic\catalog\view\theme\default\template\common\footer.tpl on line 87
2018-01-16 12:24:14 - PHP Notice:  Undefined variable: stores in D:\usr\www\basic\catalog\view\theme\default\template\common\footer.tpl on line 228
2018-01-16 12:24:16 - PHP Notice:  Undefined index: sort_order in D:\usr\www\basic\catalog\view\theme\default\template\common\footer.tpl on line 2
2018-01-16 12:24:16 - PHP Notice:  Undefined index: sort_order in D:\usr\www\basic\catalog\view\theme\default\template\common\footer.tpl on line 4
2018-01-16 12:24:16 - PHP Notice:  Undefined index: sort_order in D:\usr\www\basic\catalog\view\theme\default\template\common\footer.tpl on line 2
2018-01-16 12:24:16 - PHP Notice:  Undefined index: sort_order in D:\usr\www\basic\catalog\view\theme\default\template\common\footer.tpl on line 4
2018-01-16 12:24:16 - PHP Notice:  Undefined index: sort_order in D:\usr\www\basic\catalog\view\theme\default\template\common\footer.tpl on line 2
2018-01-16 12:24:16 - PHP Notice:  Undefined index: sort_order in D:\usr\www\basic\catalog\view\theme\default\template\common\footer.tpl on line 4
2018-01-16 12:24:16 - PHP Notice:  Undefined index: sort_order in D:\usr\www\basic\catalog\view\theme\default\template\common\footer.tpl on line 2
2018-01-16 12:24:16 - PHP Notice:  Undefined index: sort_order in D:\usr\www\basic\catalog\view\theme\default\template\common\footer.tpl on line 4
2018-01-16 12:24:16 - PHP Notice:  Undefined variable: schemaInfHref in D:\usr\www\basic\catalog\view\theme\default\template\common\footer.tpl on line 61
2018-01-16 12:24:16 - PHP Notice:  Undefined variable: schemaInf in D:\usr\www\basic\catalog\view\theme\default\template\common\footer.tpl on line 61
2018-01-16 12:24:16 - PHP Notice:  Undefined variable: actionsInfHref in D:\usr\www\basic\catalog\view\theme\default\template\common\footer.tpl on line 73
2018-01-16 12:24:16 - PHP Notice:  Undefined variable: actionsInf in D:\usr\www\basic\catalog\view\theme\default\template\common\footer.tpl on line 73
2018-01-16 12:24:16 - PHP Notice:  Undefined variable: aboutInfHref in D:\usr\www\basic\catalog\view\theme\default\template\common\footer.tpl on line 74
2018-01-16 12:24:16 - PHP Notice:  Undefined variable: aboutInf in D:\usr\www\basic\catalog\view\theme\default\template\common\footer.tpl on line 74
2018-01-16 12:24:16 - PHP Notice:  Undefined variable: shippingInfHref in D:\usr\www\basic\catalog\view\theme\default\template\common\footer.tpl on line 75
2018-01-16 12:24:16 - PHP Notice:  Undefined variable: shippingInf in D:\usr\www\basic\catalog\view\theme\default\template\common\footer.tpl on line 75
2018-01-16 12:24:16 - PHP Notice:  Undefined variable: newsInfHref in D:\usr\www\basic\catalog\view\theme\default\template\common\footer.tpl on line 76
2018-01-16 12:24:16 - PHP Notice:  Undefined variable: newsInf in D:\usr\www\basic\catalog\view\theme\default\template\common\footer.tpl on line 76
2018-01-16 12:24:16 - PHP Notice:  Undefined variable: warrantyInfHref in D:\usr\www\basic\catalog\view\theme\default\template\common\footer.tpl on line 85
2018-01-16 12:24:16 - PHP Notice:  Undefined variable: warrantyInf in D:\usr\www\basic\catalog\view\theme\default\template\common\footer.tpl on line 85
2018-01-16 12:24:16 - PHP Notice:  Undefined variable: howToInfHref in D:\usr\www\basic\catalog\view\theme\default\template\common\footer.tpl on line 86
2018-01-16 12:24:16 - PHP Notice:  Undefined variable: howToInf in D:\usr\www\basic\catalog\view\theme\default\template\common\footer.tpl on line 86
2018-01-16 12:24:16 - PHP Notice:  Undefined variable: questionsInfHref in D:\usr\www\basic\catalog\view\theme\default\template\common\footer.tpl on line 87
2018-01-16 12:24:16 - PHP Notice:  Undefined variable: questionsInf in D:\usr\www\basic\catalog\view\theme\default\template\common\footer.tpl on line 87
2018-01-16 12:24:16 - PHP Notice:  Undefined variable: stores in D:\usr\www\basic\catalog\view\theme\default\template\common\footer.tpl on line 228
